Usando la configuraci├│n de inicio de src\Api\Properties\launchSettings.json...
Compilando...
info: Microsoft.EntityFrameworkCore.Migrations[20411]
      Acquiring an exclusive lock for migration application. See https://aka.ms/efcore-docs-migrations-lock for more information if this takes too long.
info: Microsoft.EntityFrameworkCore.Database.Command[20101]
      Executed DbCommand (31ms) [Parameters=[], CommandType='Text', CommandTimeout='30']
      SELECT COUNT(*) FROM "sqlite_master" WHERE "name" = '__EFMigrationsLock' AND "type" = 'table';
info: Microsoft.EntityFrameworkCore.Database.Command[20101]
      Executed DbCommand (5ms) [Parameters=[], CommandType='Text', CommandTimeout='30']
      INSERT OR IGNORE INTO "__EFMigrationsLock"("Id", "Timestamp") VALUES(1, '2026-05-05 15:07:38.2091478+00:00');
      SELECT changes();
info: Microsoft.EntityFrameworkCore.Database.Command[20101]
      Executed DbCommand (0ms) [Parameters=[], CommandType='Text', CommandTimeout='30']
      CREATE TABLE IF NOT EXISTS "__EFMigrationsHistory" (
          "MigrationId" TEXT NOT NULL CONSTRAINT "PK___EFMigrationsHistory" PRIMARY KEY,
          "ProductVersion" TEXT NOT NULL
      );
info: Microsoft.EntityFrameworkCore.Database.Command[20101]
      Executed DbCommand (0ms) [Parameters=[], CommandType='Text', CommandTimeout='30']
      SELECT COUNT(*) FROM "sqlite_master" WHERE "name" = '__EFMigrationsHistory' AND "type" = 'table';
info: Microsoft.EntityFrameworkCore.Database.Command[20101]
      Executed DbCommand (0ms) [Parameters=[], CommandType='Text', CommandTimeout='30']
      SELECT "MigrationId", "ProductVersion"
      FROM "__EFMigrationsHistory"
      ORDER BY "MigrationId";
info: Microsoft.EntityFrameworkCore.Migrations[20402]
      Applying migration '20260504160000_M0002_SeedData'.
info: Microsoft.EntityFrameworkCore.Database.Command[20101]
      Executed DbCommand (0ms) [Parameters=[], CommandType='Text', CommandTimeout='30']
      INSERT INTO "EmailTemplates" ("Id", "Name", "Version", "Subject", "BodyHtml", "RequiredVariablesSerialized", "IsActive", "IsCurrent", "CreatedAtUtc", "TenantId") SELECT 'B1000001-0000-0000-0000-000000000001', 'lead.welcome', 1, 'We received your inquiry ΓÇö MindFlow', '<p>Hello,</p><p>Thank you for reaching out. Our sales team will contact you shortly.</p><p>Best regards,<br/>The MindFlow Team</p>', '', 1, 1, '2026-01-01T00:00:00.0000000Z', 'default' WHERE NOT EXISTS (SELECT 1 FROM "EmailTemplates" WHERE "TenantId" = 'default' AND "Name" = 'lead.welcome' AND "Version" = 1);
info: Microsoft.EntityFrameworkCore.Database.Command[20101]
      Executed DbCommand (0ms) [Parameters=[], CommandType='Text', CommandTimeout='30']
      INSERT INTO "EmailTemplates" ("Id", "Name", "Version", "Subject", "BodyHtml", "RequiredVariablesSerialized", "IsActive", "IsCurrent", "CreatedAtUtc", "TenantId") SELECT 'B1000002-0000-0000-0000-000000000002', 'proposal.standard', 1, 'Your proposal is ready ΓÇö MindFlow', '<p>Hello {{recipient_name}},</p><p>Your proposal <strong>{{proposal_title}}</strong> for {{amount}} {{currency}} is attached.</p><p>Track: <a href=''{{tracking_url}}''>open proposal</a></p>', '', 1, 1, '2026-01-01T00:00:00.0000000Z', 'default' WHERE NOT EXISTS (SELECT 1 FROM "EmailTemplates" WHERE "TenantId" = 'default' AND "Name" = 'proposal.standard' AND "Version" = 1);
info: Microsoft.EntityFrameworkCore.Database.Command[20101]
      Executed DbCommand (0ms) [Parameters=[], CommandType='Text', CommandTimeout='30']
      INSERT INTO "EmailTemplates" ("Id", "Name", "Version", "Subject", "BodyHtml", "RequiredVariablesSerialized", "IsActive", "IsCurrent", "CreatedAtUtc", "TenantId") SELECT 'B1000003-0000-0000-0000-000000000003', 'proposal.reminder', 1, 'Reminder: your proposal is waiting ΓÇö MindFlow', '<p>Hello {{recipient_name}},</p><p>Friendly reminder for proposal <strong>{{proposal_title}}</strong>.</p><p>Track: <a href=''{{tracking_url}}''>review proposal</a></p>', '', 1, 1, '2026-01-01T00:00:00.0000000Z', 'default' WHERE NOT EXISTS (SELECT 1 FROM "EmailTemplates" WHERE "TenantId" = 'default' AND "Name" = 'proposal.reminder' AND "Version" = 1);
info: Microsoft.EntityFrameworkCore.Database.Command[20101]
      Executed DbCommand (0ms) [Parameters=[], CommandType='Text', CommandTimeout='30']
      INSERT INTO "EmailTemplates" ("Id", "Name", "Version", "Subject", "BodyHtml", "RequiredVariablesSerialized", "IsActive", "IsCurrent", "CreatedAtUtc", "TenantId") SELECT 'B1000004-0000-0000-0000-000000000004', 'customer.welcome', 1, 'Welcome to onboarding ΓÇö MindFlow', '<p>Welcome to onboarding.</p><p>Track your onboarding: <a href=''{{tracking_url}}''>open tracking</a></p>', '', 1, 1, '2026-01-01T00:00:00.0000000Z', 'default' WHERE NOT EXISTS (SELECT 1 FROM "EmailTemplates" WHERE "TenantId" = 'default' AND "Name" = 'customer.welcome' AND "Version" = 1);
info: Microsoft.EntityFrameworkCore.Database.Command[20101]
      Executed DbCommand (0ms) [Parameters=[], CommandType='Text', CommandTimeout='30']
      INSERT INTO "EmailTemplates" ("Id", "Name", "Version", "Subject", "BodyHtml", "RequiredVariablesSerialized", "IsActive", "IsCurrent", "CreatedAtUtc", "TenantId") SELECT 'B1000005-0000-0000-0000-000000000005', 'alert.analytics.degradation', 1, 'Analytics degradation detected ΓÇö MindFlow', '<p>Analytics degradation alert.</p><p>Endpoint: <strong>{{endpoint_name}}</strong></p><p>Metric: <strong>{{metric_name}}</strong></p><p>Observed: {{observed_value}}</p><p>Threshold: {{threshold_value}}</p><p>TriggeredAtUtc: {{triggered_at_utc}}</p>', '', 1, 1, '2026-01-01T00:00:00.0000000Z', 'default' WHERE NOT EXISTS (SELECT 1 FROM "EmailTemplates" WHERE "TenantId" = 'default' AND "Name" = 'alert.analytics.degradation' AND "Version" = 1);
info: Microsoft.EntityFrameworkCore.Database.Command[20101]
      Executed DbCommand (0ms) [Parameters=[], CommandType='Text', CommandTimeout='30']
      INSERT OR IGNORE INTO "PipelineStages" ("Id", "Name", "Order", "Color", "CreatedAtUtc", "TenantId") VALUES ('11111111-1111-1111-1111-111111111111', 'new',       1, '#2563eb', '2026-01-01T00:00:00.0000000Z', 'default'),('22222222-2222-2222-2222-222222222222', 'qualified', 2, '#7c3aed', '2026-01-01T00:00:00.0000000Z', 'default'),('33333333-3333-3333-3333-333333333333', 'proposal',  3, '#d97706', '2026-01-01T00:00:00.0000000Z', 'default'),('44444444-4444-4444-4444-444444444444', 'won',       4, '#16a34a', '2026-01-01T00:00:00.0000000Z', 'default');
info: Microsoft.EntityFrameworkCore.Database.Command[20101]
      Executed DbCommand (0ms) [Parameters=[], CommandType='Text', CommandTimeout='30']
      INSERT INTO "__EFMigrationsHistory" ("MigrationId", "ProductVersion")
      VALUES ('20260504160000_M0002_SeedData', '9.0.9');
info: Microsoft.EntityFrameworkCore.Database.Command[20101]
      Executed DbCommand (5ms) [Parameters=[], CommandType='Text', CommandTimeout='30']
      DELETE FROM "__EFMigrationsLock";
info: Microsoft.EntityFrameworkCore.Database.Command[20101]
      Executed DbCommand (4ms) [Parameters=[@__ef_filter__TenantId_0='?' (Size = 7), @__emailCutoff_0='?' (DbType = DateTime)], CommandType='Text', CommandTimeout='30']
      SELECT "e"."Id", "e"."CorrelationId", "e"."ErrorMessage", "e"."LeadId", "e"."SentAtUtc", "e"."Status", "e"."Subject", "e"."Succeeded", "e"."TemplateName", "e"."TenantId", "e"."ToEmail"
      FROM "EmailLogs" AS "e"
      WHERE "e"."TenantId" = @__ef_filter__TenantId_0 AND "e"."SentAtUtc" < @__emailCutoff_0
info: Microsoft.EntityFrameworkCore.Database.Command[20101]
      Executed DbCommand (0ms) [Parameters=[@__ef_filter__TenantId_0='?' (Size = 7), @__alertCutoff_0='?' (DbType = DateTime)], CommandType='Text', CommandTimeout='30']
      SELECT "a"."Id", "a"."AcknowledgedAtUtc", "a"."AcknowledgedBy", "a"."EndpointName", "a"."MetricName", "a"."NotificationSent", "a"."ObservedValue", "a"."ResolvedAtUtc", "a"."ResolvedBy", "a"."SnoozedUntilUtc", "a"."Status", "a"."StatusNotes", "a"."TenantId", "a"."ThresholdId", "a"."ThresholdValue", "a"."TriggeredAtUtc"
      FROM "AlertEvents" AS "a"
      WHERE "a"."TenantId" = @__ef_filter__TenantId_0 AND "a"."TriggeredAtUtc" < @__alertCutoff_0
info: Microsoft.EntityFrameworkCore.Database.Command[20101]
      Executed DbCommand (1ms) [Parameters=[@__auditCutoff_0='?' (DbType = DateTime)], CommandType='Text', CommandTimeout='30']
      SELECT "a"."Id", "a"."Action", "a"."CreatedAtUtc", "a"."Details", "a"."Target", "a"."TenantId", "a"."UserRole"
      FROM "AdminAuditLogs" AS "a"
      WHERE "a"."CreatedAtUtc" < @__auditCutoff_0
info: Microsoft.EntityFrameworkCore.Database.Command[20101]
      Executed DbCommand (5ms) [Parameters=[@p0='?' (DbType = Guid), @p1='?' (DbType = Int32), @p2='?' (DbType = Int32), @p3='?' (DbType = Int32), @p4='?' (DbType = DateTime)], CommandType='Text', CommandTimeout='30']
      INSERT INTO "DataRetentionRuns" ("Id", "AdminAuditLogsRemoved", "AlertEventsRemoved", "EmailLogsRemoved", "ExecutedAtUtc")
      VALUES (@p0, @p1, @p2, @p3, @p4);
info: Api.Infrastructure.Security.SensitiveDataRetentionService[0]
      Sensitive data retention cleanup removed EmailLogs=0, AlertEvents=0, AdminAuditLogs=0.
info: Microsoft.Hosting.Lifetime[14]
      Now listening on: http://127.0.0.1:5165
info: Microsoft.Hosting.Lifetime[0]
      Application started. Press Ctrl+C to shut down.
info: Microsoft.Hosting.Lifetime[0]
      Hosting environment: Development
info: Microsoft.Hosting.Lifetime[0]
      Content root path: C:\NovaMind - MindFlow AI sales engine\backend\src\Api
