Usando la configuraci├│n de inicio de src\Api\Properties\launchSettings.json...
Compilando...
info: Microsoft.EntityFrameworkCore.Migrations[20411]
      Acquiring an exclusive lock for migration application. See https://aka.ms/efcore-docs-migrations-lock for more information if this takes too long.
info: Microsoft.EntityFrameworkCore.Database.Command[20101]
      Executed DbCommand (69ms) [Parameters=[], CommandType='Text', CommandTimeout='30']
      SELECT COUNT(*) FROM "sqlite_master" WHERE "name" = '__EFMigrationsLock' AND "type" = 'table';
info: Microsoft.EntityFrameworkCore.Database.Command[20101]
      Executed DbCommand (69ms) [Parameters=[], CommandType='Text', CommandTimeout='30']
      INSERT OR IGNORE INTO "__EFMigrationsLock"("Id", "Timestamp") VALUES(1, '2026-05-05 15:05:58.264643+00:00');
      SELECT changes();
info: Microsoft.EntityFrameworkCore.Database.Command[20101]
      Executed DbCommand (0ms) [Parameters=[], CommandType='Text', CommandTimeout='30']
      CREATE TABLE IF NOT EXISTS "__EFMigrationsHistory" (
          "MigrationId" TEXT NOT NULL CONSTRAINT "PK___EFMigrationsHistory" PRIMARY KEY,
          "ProductVersion" TEXT NOT NULL
      );
info: Microsoft.EntityFrameworkCore.Database.Command[20101]
      Executed DbCommand (0ms) [Parameters=[], CommandType='Text', CommandTimeout='30']
      SELECT COUNT(*) FROM "sqlite_master" WHERE "name" = '__EFMigrationsHistory' AND "type" = 'table';
info: Microsoft.EntityFrameworkCore.Database.Command[20101]
      Executed DbCommand (1ms) [Parameters=[], CommandType='Text', CommandTimeout='30']
      SELECT "MigrationId", "ProductVersion"
      FROM "__EFMigrationsHistory"
      ORDER BY "MigrationId";
info: Microsoft.EntityFrameworkCore.Migrations[20402]
      Applying migration '20260504160000_M0002_SeedData'.
fail: Microsoft.EntityFrameworkCore.Database.Command[20102]
      Failed executing DbCommand (3ms) [Parameters=[], CommandType='Text', CommandTimeout='30']
      INSERT INTO "EmailTemplates" ("Id", "Name", "Subject", "BodyHtml", "IsActive", "CreatedAtUtc")
      VALUES ('B1000001-0000-0000-0000-000000000001', 'lead.welcome', 'We received your inquiry ΓÇö MindFlow', '<p>Hello,</p><p>Thank you for reaching out. Our sales team will contact you shortly.</p><p>Best regards,<br/>The MindFlow Team</p>', 1, '2025-12-31 18:00:00');
      SELECT changes();
      
      INSERT INTO "EmailTemplates" ("Id", "Name", "Subject", "BodyHtml", "IsActive", "CreatedAtUtc")
      VALUES ('B1000002-0000-0000-0000-000000000002', 'proposal.standard', 'Your proposal is ready ΓÇö MindFlow', '<p>Hello {{recipient_name}},</p><p>Your proposal <strong>{{proposal_title}}</strong> for {{amount}} {{currency}} is attached.</p><p>Track: <a href=''{{tracking_url}}''>open proposal</a></p>', 1, '2025-12-31 18:00:00');
      SELECT changes();
      
      INSERT INTO "EmailTemplates" ("Id", "Name", "Subject", "BodyHtml", "IsActive", "CreatedAtUtc")
      VALUES ('B1000003-0000-0000-0000-000000000003', 'proposal.reminder', 'Reminder: your proposal is waiting ΓÇö MindFlow', '<p>Hello {{recipient_name}},</p><p>Friendly reminder for proposal <strong>{{proposal_title}}</strong>.</p><p>Track: <a href=''{{tracking_url}}''>review proposal</a></p>', 1, '2025-12-31 18:00:00');
      SELECT changes();
      
      INSERT INTO "EmailTemplates" ("Id", "Name", "Subject", "BodyHtml", "IsActive", "CreatedAtUtc")
      VALUES ('B1000004-0000-0000-0000-000000000004', 'customer.welcome', 'Welcome to onboarding ΓÇö MindFlow', '<p>Welcome to onboarding.</p><p>Track your onboarding: <a href=''{{tracking_url}}''>open tracking</a></p>', 1, '2025-12-31 18:00:00');
      SELECT changes();
      
      INSERT INTO "EmailTemplates" ("Id", "Name", "Subject", "BodyHtml", "IsActive", "CreatedAtUtc")
      VALUES ('B1000005-0000-0000-0000-000000000005', 'alert.analytics.degradation', 'Analytics degradation detected ΓÇö MindFlow', '<p>Analytics degradation alert.</p><p>Endpoint: <strong>{{endpoint_name}}</strong></p><p>Metric: <strong>{{metric_name}}</strong></p><p>Observed: {{observed_value}}</p><p>Threshold: {{threshold_value}}</p><p>TriggeredAtUtc: {{triggered_at_utc}}</p>', 1, '2025-12-31 18:00:00');
      SELECT changes();
Unhandled exception. Microsoft.Data.Sqlite.SqliteException (0x80004005): SQLite Error 19: 'UNIQUE constraint failed: EmailTemplates.TenantId, EmailTemplates.Name, EmailTemplates.Version'.
   at Microsoft.Data.Sqlite.SqliteException.ThrowExceptionForRC(Int32 rc, sqlite3 db)
   at Microsoft.Data.Sqlite.SqliteDataReader.NextResult()
   at Microsoft.Data.Sqlite.SqliteCommand.ExecuteReader(CommandBehavior behavior)
   at Microsoft.Data.Sqlite.SqliteCommand.ExecuteReader()
   at Microsoft.Data.Sqlite.SqliteCommand.ExecuteNonQuery()
   at Microsoft.EntityFrameworkCore.Storage.RelationalCommand.ExecuteNonQuery(RelationalCommandParameterObject parameterObject)
   at Microsoft.EntityFrameworkCore.Migrations.MigrationCommand.ExecuteNonQuery(IRelationalConnection connection, IReadOnlyDictionary`2 parameterValues)
   at Microsoft.EntityFrameworkCore.Migrations.Internal.MigrationCommandExecutor.Execute(IReadOnlyList`1 migrationCommands, IRelationalConnection connection, MigrationExecutionState executionState, Boolean beginTransaction, Boolean commitTransaction, Nullable`1 isolationLevel)
   at Microsoft.EntityFrameworkCore.Migrations.Internal.MigrationCommandExecutor.<>c.<ExecuteNonQuery>b__3_1(DbContext _, ValueTuple`6 s)
   at Microsoft.EntityFrameworkCore.Storage.NonRetryingExecutionStrategy.Execute[TState,TResult](TState state, Func`3 operation, Func`3 verifySucceeded)
   at Microsoft.EntityFrameworkCore.Migrations.Internal.MigrationCommandExecutor.ExecuteNonQuery(IReadOnlyList`1 migrationCommands, IRelationalConnection connection, MigrationExecutionState executionState, Boolean commitTransaction, Nullable`1 isolationLevel)
   at Microsoft.EntityFrameworkCore.Migrations.Internal.Migrator.MigrateImplementation(DbContext context, String targetMigration, MigrationExecutionState state, Boolean useTransaction)
   at Microsoft.EntityFrameworkCore.Migrations.Internal.Migrator.<>c.<Migrate>b__20_1(DbContext c, ValueTuple`4 s)
   at Microsoft.EntityFrameworkCore.Storage.NonRetryingExecutionStrategy.Execute[TState,TResult](TState state, Func`3 operation, Func`3 verifySucceeded)
   at Microsoft.EntityFrameworkCore.Migrations.Internal.Migrator.Migrate(String targetMigration)
   at Microsoft.EntityFrameworkCore.RelationalDatabaseFacadeExtensions.Migrate(DatabaseFacade databaseFacade)
   at Program.<Main>$(String[] args) in C:\NovaMind - MindFlow AI sales engine\backend\src\Api\Program.cs:line 207
